SF:lib/core/config/app_initializer.dart
DA:9,0
DA:12,1
DA:15,1
DA:18,1
DA:21,1
DA:25,0
DA:29,3
DA:30,3
DA:38,1
DA:40,2
DA:43,0
DA:45,0
DA:49,2
DA:51,1
DA:53,0
DA:59,0
DA:60,0
DA:65,0
DA:66,0
DA:67,0
DA:73,1
DA:79,1
DA:81,0
DA:82,0
DA:84,0
DA:85,0
DA:91,1
DA:92,3
DA:93,3
DA:95,1
DA:96,1
DA:99,0
DA:115,0
DA:119,0
DA:120,0
DA:122,0
DA:123,0
DA:127,0
DA:128,0
DA:129,0
DA:132,0
DA:133,0
DA:134,0
DA:135,0
DA:138,0
DA:139,0
DA:142,0
DA:145,0
DA:148,0
DA:149,0
DA:152,0
DA:156,0
DA:160,0
DA:161,0
DA:164,0
DA:166,0
DA:174,0
DA:175,0
DA:178,0
DA:180,0
DA:188,0
DA:189,0
DA:190,0
DA:194,0
DA:195,0
DA:199,0
DA:206,0
LF:67
LH:17
end_of_record
