SF:lib/core/config/env_config.dart
DA:22,2
DA:23,2
DA:25,1
DA:26,1
DA:27,1
DA:29,0
DA:30,0
DA:32,0
DA:33,0
LF:9
LH:5
end_of_record
SF:lib/core/providers/supabase_provider.dart
DA:4,17
DA:5,2
LF:2
LH:2
end_of_record
SF:lib/core/usecases/usecase.dart
DA:13,1
LF:1
LH:1
end_of_record
SF:lib/core/utils/extensions.dart
DA:5,9
DA:6,18
DA:7,9
DA:8,9
DA:9,8
DA:13,1
DA:14,1
DA:15,1
DA:17,1
DA:19,1
DA:21,1
DA:23,1
DA:30,17
DA:31,17
DA:32,17
DA:36,1
DA:37,1
DA:38,3
DA:39,7
LF:19
LH:19
end_of_record
SF:lib/features/auth/presentation/providers/auth_provider.dart
DA:9,2
DA:11,6
DA:14,4
DA:21,4
DA:22,2
DA:29,1
DA:30,3
DA:31,2
DA:32,2
DA:35,4
DA:38,1
DA:40,4
LF:12
LH:12
end_of_record
SF:lib/features/auth/presentation/providers/auth_provider.g.dart
DA:9,1
DA:13,12
DA:26,2
DA:30,4
DA:31,2
LF:5
LH:5
end_of_record
SF:lib/features/end_game/domain/entities/end_game_state.dart
DA:9,3
DA:18,1
DA:19,1
DA:23,2
DA:25,2
DA:26,6
DA:27,6
DA:30,6
DA:31,10
DA:33,4
DA:36,2
DA:39,2
DA:40,10
DA:46,6
DA:49,3
DA:51,3
DA:52,3
DA:53,3
DA:54,6
DA:55,6
DA:59,3
DA:60,3
DA:61,6
DA:65,1
DA:66,2
DA:68,1
DA:69,2
DA:70,2
DA:75,5
DA:76,2
DA:79,2
LF:31
LH:31
end_of_record
SF:lib/features/end_game/domain/entities/end_game_state.g.dart
DA:9,1
DA:10,1
DA:13,1
DA:14,1
DA:15,1
DA:17,1
DA:18,3
DA:19,1
DA:21,1
DA:23,1
DA:25,1
DA:27,2
DA:29,1
DA:31,1
DA:32,1
DA:33,0
DA:47,1
DA:48,1
DA:49,5
DA:50,1
DA:51,1
DA:52,1
LF:22
LH:21
end_of_record
SF:lib/features/game/domain/entities/game_player.dart
DA:23,35
DA:25,2
DA:26,2
DA:28,60
DA:30,3
DA:31,9
DA:32,10
DA:35,2
DA:36,4
DA:37,12
DA:41,1
DA:42,2
DA:45,1
DA:46,2
DA:49,0
DA:50,0
DA:53,0
DA:54,0
LF:18
LH:14
end_of_record
SF:lib/features/game/domain/entities/game_player.g.dart
DA:9,2
DA:10,2
DA:13,2
DA:14,2
DA:15,4
DA:16,4
DA:17,2
DA:19,4
DA:21,2
DA:23,2
DA:25,2
DA:26,2
DA:29,2
DA:31,2
DA:33,4
DA:34,2
DA:36,2
DA:38,2
DA:40,4
DA:54,2
DA:55,2
DA:56,2
DA:57,2
DA:58,4
DA:59,6
DA:60,2
DA:61,2
DA:62,2
DA:63,2
LF:29
LH:29
end_of_record
SF:lib/features/game/domain/entities/player_grid.dart
DA:12,44
DA:14,32
DA:15,32
DA:16,32
DA:18,96
DA:23,15
DA:24,45
DA:26,15
DA:28,30
DA:30,60
DA:34,15
DA:37,3
DA:38,3
DA:40,13
DA:41,52
DA:44,39
DA:47,19
DA:48,95
DA:49,38
DA:50,38
DA:53,7
DA:54,7
DA:57,14
DA:60,17
DA:62,34
DA:63,34
DA:65,34
DA:72,2
DA:73,4
DA:74,4
DA:75,2
DA:83,5
DA:84,5
DA:86,10
DA:87,5
DA:89,8
DA:90,15
DA:91,5
DA:94,3
DA:97,10
DA:98,12
DA:99,2
DA:106,1
DA:107,3
DA:108,1
DA:109,1
DA:111,1
DA:113,2
DA:116,7
DA:117,7
DA:120,1
DA:121,1
LF:52
LH:52
end_of_record
SF:lib/features/game/domain/entities/player_grid.g.dart
DA:9,3
DA:10,6
DA:11,3
DA:12,3
DA:14,3
DA:15,3
DA:16,3
DA:17,3
DA:18,3
DA:20,3
DA:22,3
DA:24,3
DA:30,3
DA:31,3
DA:32,3
DA:33,18
DA:34,3
LF:17
LH:17
end_of_record
SF:lib/features/game/domain/entities/card.dart
DA:14,105
DA:16,12
DA:18,24
DA:20,33
DA:22,6
LF:5
LH:5
end_of_record
SF:lib/features/game/domain/entities/card.g.dart
DA:9,6
DA:10,12
DA:11,6
DA:12,18
DA:13,12
DA:18,6
DA:19,6
DA:20,6
DA:21,6
LF:9
LH:9
end_of_record
SF:lib/features/game/domain/entities/action_card.dart
DA:58,55
DA:60,2
DA:61,2
DA:63,6
DA:64,6
DA:65,3
LF:6
LH:6
end_of_record
SF:lib/features/game/domain/entities/action_card.g.dart
DA:9,2
DA:10,4
DA:11,2
DA:12,4
DA:13,2
DA:15,4
DA:17,4
DA:18,4
DA:19,2
DA:21,2
DA:22,2
DA:25,2
DA:27,2
DA:28,2
DA:31,2
DA:33,2
DA:39,2
DA:40,2
DA:41,2
DA:42,4
DA:43,2
DA:44,2
DA:45,4
DA:46,4
DA:47,2
LF:25
LH:25
end_of_record
SF:lib/features/end_game/presentation/providers/end_game_provider.dart
DA:10,7
DA:11,2
DA:12,2
DA:19,2
DA:20,2
DA:27,1
DA:28,1
DA:29,1
DA:31,1
DA:32,0
DA:40,7
DA:41,2
DA:43,2
DA:48,1
DA:54,7
DA:56,2
DA:59,2
DA:66,8
DA:67,4
DA:68,4
DA:75,4
DA:79,4
DA:80,1
DA:85,1
DA:87,1
DA:88,4
DA:89,2
DA:94,3
LF:28
LH:27
end_of_record
SF:lib/features/game/presentation/providers/game_state_notifier.dart
DA:10,2
DA:15,2
DA:16,2
DA:19,2
DA:20,2
DA:22,4
DA:26,0
DA:30,0
DA:34,0
DA:38,0
DA:42,0
DA:47,1
DA:51,2
DA:52,1
LF:14
LH:9
end_of_record
SF:lib/features/game/presentation/providers/game_state_notifier.g.dart
DA:9,1
DA:14,2
DA:15,1
DA:29,1
DA:33,8
DA:34,4
LF:6
LH:6
end_of_record
SF:lib/features/game/domain/entities/game_state.dart
DA:42,29
DA:44,16
DA:49,16
DA:51,16
DA:56,16
DA:57,16
DA:58,16
DA:62,16
DA:66,32
DA:68,2
DA:69,12
DA:71,1
DA:74,2
DA:75,5
DA:77,8
DA:80,2
DA:83,1
DA:84,2
DA:85,3
DA:90,2
DA:91,3
DA:93,1
DA:94,1
DA:96,1
DA:100,1
DA:101,2
DA:102,2
DA:109,2
DA:110,5
DA:115,1
DA:116,4
DA:119,1
DA:120,2
DA:122,5
DA:125,1
DA:126,1
DA:128,4
DA:131,1
DA:132,1
DA:133,1
DA:136,2
DA:137,3
DA:141,4
DA:144,2
DA:145,2
DA:147,4
DA:148,3
DA:150,2
DA:157,16
DA:158,16
DA:160,32
DA:161,32
DA:162,32
DA:166,16
LF:54
LH:54
end_of_record
SF:lib/features/global_scores/domain/entities/global_score.dart
DA:8,8
DA:23,1
DA:24,1
DA:27,2
DA:28,2
DA:29,6
DA:35,55
DA:49,1
DA:50,1
DA:53,3
DA:54,3
DA:68,3
DA:69,12
DA:70,12
DA:71,12
DA:72,12
DA:74,15
DA:76,3
DA:77,6
DA:78,6
DA:81,3
DA:82,3
DA:83,3
DA:84,3
DA:90,6
DA:91,12
DA:92,18
LF:27
LH:27
end_of_record
SF:lib/features/global_scores/domain/entities/global_score.g.dart
DA:9,1
DA:10,1
DA:13,1
DA:14,1
DA:15,2
DA:16,2
DA:17,2
DA:18,2
DA:19,3
DA:20,1
DA:22,2
DA:24,3
DA:25,2
DA:26,1
DA:28,2
DA:30,1
DA:32,2
DA:49,1
DA:50,1
DA:51,1
DA:52,1
DA:53,1
DA:54,1
DA:55,1
DA:56,1
DA:57,1
DA:58,1
DA:59,2
DA:60,2
DA:63,1
DA:64,1
DA:67,1
DA:68,1
DA:69,2
DA:70,2
DA:71,1
DA:73,2
DA:75,3
DA:76,1
DA:78,2
DA:80,3
DA:81,3
DA:82,1
DA:84,2
DA:86,1
DA:88,2
DA:106,1
DA:107,1
DA:108,1
DA:109,1
DA:110,1
DA:111,1
DA:112,1
DA:113,1
DA:114,1
DA:115,1
DA:116,1
LF:57
LH:57
end_of_record
SF:lib/features/global_scores/domain/use_cases/save_global_score.dart
DA:13,2
DA:15,1
DA:20,1
DA:23,3
DA:24,5
DA:27,2
DA:28,2
DA:31,1
DA:32,3
DA:33,1
DA:34,1
DA:37,2
DA:38,2
DA:39,2
DA:42,1
DA:43,1
DA:45,1
DA:46,1
DA:47,2
DA:50,1
DA:52,1
DA:53,1
DA:54,2
DA:61,2
DA:62,1
DA:64,3
DA:73,2
LF:27
LH:27
end_of_record
SF:lib/features/global_scores/presentation/providers/global_score_providers.dart
DA:12,16
DA:13,2
DA:14,0
DA:15,0
DA:19,11
DA:20,4
DA:21,1
DA:24,4
DA:25,2
DA:26,1
DA:29,8
DA:30,4
DA:31,2
DA:35,4
DA:39,2
DA:40,2
DA:42,4
DA:45,8
DA:46,4
DA:47,2
DA:49,2
DA:50,4
DA:51,2
DA:55,8
DA:59,4
DA:60,2
DA:64,0
DA:68,0
DA:69,0
LF:29
LH:24
end_of_record
SF:lib/features/multiplayer/presentation/providers/room_providers.g.dart
DA:9,0
DA:14,0
DA:15,0
DA:29,0
DA:33,0
DA:46,0
DA:50,3
DA:63,0
DA:67,2
DA:68,1
DA:81,0
DA:85,3
DA:98,0
DA:103,0
DA:104,0
DA:117,0
DA:121,0
DA:123,1
DA:125,2
DA:127,4
DA:128,2
DA:131,1
DA:133,4
DA:135,2
DA:136,4
DA:147,33
DA:150,1
DA:151,1
DA:154,0
DA:158,0
DA:163,0
DA:168,0
DA:172,0
DA:179,1
DA:180,1
DA:181,0
DA:192,1
DA:200,1
DA:204,1
DA:206,1
DA:208,1
DA:209,2
DA:210,1
DA:215,1
DA:220,1
DA:222,1
DA:225,1
DA:227,4
DA:230,1
DA:232,3
DA:233,3
DA:235,1
DA:248,1
DA:250,0
DA:251,0
DA:254,0
DA:263,33
DA:266,0
DA:267,0
DA:270,0
DA:274,0
DA:279,0
DA:284,0
DA:288,0
DA:295,0
DA:296,0
DA:297,0
DA:308,0
DA:316,0
DA:320,0
DA:324,0
DA:326,0
DA:327,0
DA:328,0
DA:333,0
DA:338,0
DA:340,0
DA:343,0
DA:345,0
DA:348,0
DA:350,0
DA:351,0
DA:353,0
DA:367,0
DA:369,0
DA:370,0
DA:373,0
DA:377,3
LF:88
LH:36
end_of_record
SF:lib/features/multiplayer/presentation/providers/room_providers.dart
DA:19,0
DA:21,0
DA:22,0
DA:25,0
DA:27,0
DA:28,0
DA:31,0
DA:33,0
DA:34,0
DA:35,0
DA:37,0
DA:40,0
DA:42,0
DA:43,0
DA:46,0
DA:48,0
DA:49,0
DA:52,0
DA:54,0
DA:55,0
DA:58,0
DA:60,0
DA:61,0
DA:64,0
DA:66,0
DA:67,0
DA:70,0
DA:72,0
DA:73,0
DA:77,6
LF:30
LH:1
end_of_record
SF:lib/features/game/data/models/db_player_grid_model.dart
DA:28,2
DA:30,1
DA:31,1
DA:33,1
DA:34,1
DA:35,1
DA:36,1
DA:37,1
DA:38,1
DA:39,5
DA:40,1
DA:41,1
DA:42,1
DA:43,2
DA:44,1
DA:45,2
DA:46,1
DA:47,1
DA:48,2
DA:49,2
DA:50,1
DA:53,1
DA:54,1
DA:55,1
DA:56,1
DA:57,1
DA:58,2
DA:59,2
DA:63,0
DA:65,0
LF:30
LH:28
end_of_record
SF:lib/features/game/data/models/db_player_grid_model.g.dart
DA:9,1
DA:11,1
DA:14,1
DA:15,1
DA:16,2
DA:17,2
DA:18,2
DA:19,1
DA:21,1
DA:22,3
DA:23,1
DA:25,1
DA:27,1
DA:28,3
DA:29,1
DA:31,3
DA:32,3
DA:33,2
DA:34,2
DA:35,1
DA:37,2
DA:39,1
DA:41,2
DA:58,1
DA:60,1
DA:61,1
DA:62,1
DA:63,1
DA:64,5
DA:65,5
DA:66,1
DA:67,1
DA:68,1
DA:69,1
DA:70,2
DA:71,2
LF:36
LH:36
end_of_record
SF:lib/features/game/data/models/game_state_model.dart
DA:27,3
DA:29,1
DA:30,1
DA:32,3
DA:39,12
DA:41,3
DA:42,3
DA:43,3
DA:44,6
DA:45,3
DA:46,3
DA:47,3
DA:48,6
DA:49,3
DA:50,3
DA:51,3
DA:52,3
DA:53,6
DA:56,3
DA:58,3
DA:60,3
DA:61,3
DA:62,4
DA:63,2
DA:64,4
DA:65,2
DA:66,2
DA:67,4
DA:68,4
DA:69,2
DA:72,3
DA:73,3
DA:74,3
DA:75,3
DA:76,3
DA:79,3
DA:80,3
DA:81,3
DA:82,15
DA:83,3
DA:84,3
DA:85,15
DA:86,3
DA:87,3
DA:88,3
DA:89,4
DA:90,2
DA:91,4
DA:92,2
DA:93,2
DA:94,4
DA:95,4
DA:96,2
DA:99,3
DA:100,3
DA:101,3
DA:102,4
DA:103,2
DA:104,4
DA:105,2
DA:106,2
DA:107,4
DA:108,4
DA:109,2
DA:112,3
DA:113,6
DA:114,3
DA:115,3
DA:116,3
DA:117,3
DA:118,2
DA:119,4
DA:120,4
DA:123,6
DA:126,3
DA:128,3
DA:129,6
DA:134,6
DA:135,6
DA:137,3
DA:138,4
DA:143,3
DA:145,6
DA:146,6
DA:147,3
DA:148,3
DA:150,6
DA:152,6
DA:155,2
DA:156,2
DA:157,2
DA:159,3
DA:160,3
DA:162,6
DA:164,3
DA:165,5
DA:167,2
DA:168,2
DA:169,2
DA:170,8
DA:171,0
DA:173,2
DA:174,2
DA:175,2
DA:176,8
DA:177,0
DA:179,2
DA:180,8
DA:181,0
DA:183,2
DA:184,2
DA:187,3
DA:189,3
DA:190,3
DA:191,3
DA:194,3
DA:195,3
DA:196,3
DA:197,3
DA:199,3
DA:202,6
DA:203,6
DA:205,3
DA:206,3
DA:207,3
DA:209,3
DA:212,6
DA:213,6
DA:215,3
DA:216,3
DA:217,3
DA:219,3
DA:222,6
DA:223,5
DA:225,2
DA:226,2
DA:227,2
DA:228,8
DA:229,0
DA:231,2
DA:232,2
DA:233,2
DA:234,8
DA:235,0
DA:237,2
DA:238,8
DA:239,0
DA:241,2
DA:242,2
DA:245,3
DA:248,6
DA:249,5
DA:251,2
DA:252,2
DA:253,2
DA:254,8
DA:255,0
DA:257,2
DA:258,2
DA:259,2
DA:260,8
DA:261,0
DA:263,2
DA:264,8
DA:265,0
DA:267,2
DA:268,2
DA:271,3
DA:274,3
DA:275,15
DA:276,0
DA:279,6
DA:281,2
DA:282,2
DA:283,2
DA:287,6
DA:289,3
DA:292,3
DA:293,3
DA:295,6
DA:300,3
DA:301,12
DA:302,0
DA:305,6
DA:306,6
DA:307,6
DA:309,3
DA:311,3
DA:315,2
DA:316,2
DA:317,2
DA:318,2
DA:319,2
DA:320,2
DA:321,2
DA:322,2
DA:323,2
DA:324,2
DA:325,4
DA:326,4
DA:327,4
DA:332,2
DA:336,2
DA:340,6
DA:341,6
DA:344,4
DA:345,8
DA:347,0
DA:350,2
DA:353,2
DA:354,10
DA:356,4
LF:212
LH:200
end_of_record
SF:lib/features/game/data/models/game_state_model.g.dart
DA:9,1
DA:11,1
DA:14,1
DA:15,1
DA:16,2
DA:17,2
DA:18,2
DA:19,2
DA:20,3
DA:21,3
DA:22,2
DA:23,2
DA:24,1
DA:26,2
DA:28,1
DA:30,2
DA:32,1
DA:34,2
DA:52,2
DA:54,2
DA:55,2
DA:56,2
DA:57,2
DA:58,2
DA:59,2
DA:60,2
DA:61,2
DA:62,2
DA:63,3
DA:64,4
DA:65,4
LF:31
LH:31
end_of_record
SF:lib/features/game/data/models/player_grid_model.dart
DA:26,1
DA:28,1
DA:29,1
DA:31,0
DA:32,0
DA:33,0
DA:34,0
DA:35,0
DA:36,0
DA:37,0
DA:38,0
DA:39,0
DA:40,0
DA:41,0
DA:42,0
DA:43,0
DA:47,1
DA:49,1
DA:50,1
DA:51,2
DA:52,1
DA:53,1
DA:56,1
DA:58,1
DA:61,1
DA:62,1
DA:63,1
DA:64,1
DA:65,1
DA:66,1
DA:67,1
DA:68,2
DA:69,1
DA:70,1
DA:73,1
DA:74,1
DA:75,1
DA:76,0
DA:77,0
DA:78,0
DA:79,0
DA:81,0
DA:82,0
DA:83,0
DA:84,0
DA:86,0
DA:87,0
DA:90,0
DA:91,0
DA:92,0
DA:95,1
DA:96,1
DA:97,1
DA:98,1
DA:99,1
DA:100,1
DA:101,1
LF:57
LH:31
end_of_record
SF:lib/features/game/data/models/player_grid_model.g.dart
DA:9,1
DA:11,1
DA:14,1
DA:15,1
DA:16,2
DA:17,2
DA:18,2
DA:19,1
DA:21,1
DA:22,3
DA:24,1
DA:26,1
DA:27,3
DA:29,3
DA:30,3
DA:31,2
DA:32,2
DA:33,1
DA:35,2
DA:37,1
DA:39,2
DA:56,1
DA:58,1
DA:59,1
DA:60,1
DA:61,1
DA:62,1
DA:63,1
DA:64,1
DA:65,1
DA:66,1
DA:67,1
DA:68,2
DA:69,2
LF:34
LH:34
end_of_record
SF:lib/features/game/data/repositories/server_action_card_repository.dart
DA:8,1
DA:10,1
DA:14,1
DA:50,1
DA:54,1
DA:59,1
DA:62,1
DA:67,1
DA:73,1
DA:78,1
DA:81,1
DA:86,1
DA:89,1
DA:94,1
DA:97,1
DA:105,0
DA:112,0
DA:114,0
DA:117,0
DA:118,0
DA:124,0
DA:129,0
DA:136,0
DA:138,0
DA:141,0
DA:142,0
DA:146,0
DA:147,0
DA:152,0
DA:157,0
DA:163,0
DA:165,0
DA:168,0
DA:174,0
DA:179,1
DA:180,1
DA:181,5
DA:185,1
DA:186,2
DA:190,1
DA:191,2
DA:195,1
DA:196,2
LF:43
LH:24
end_of_record
SF:lib/features/game/data/repositories/supabase_game_state_repository.dart
DA:12,0
DA:14,0
DA:22,0
DA:24,0
DA:31,0
DA:32,0
DA:35,0
DA:38,0
DA:40,0
DA:45,0
DA:49,0
DA:52,0
DA:53,0
DA:54,0
DA:55,0
DA:56,0
DA:58,0
DA:60,0
DA:63,0
DA:67,0
DA:69,0
DA:70,0
DA:71,0
DA:72,0
DA:73,0
DA:74,0
DA:75,0
DA:76,0
DA:80,0
DA:86,0
DA:87,0
DA:88,0
DA:89,0
DA:90,0
DA:91,0
DA:93,0
DA:95,0
DA:98,0
DA:102,0
DA:107,0
DA:108,0
DA:109,0
DA:110,0
DA:111,0
DA:112,0
DA:113,0
DA:114,0
DA:118,0
DA:126,0
DA:128,0
DA:135,0
DA:136,0
DA:141,0
DA:145,0
DA:154,0
DA:156,0
DA:159,0
DA:160,0
DA:164,0
DA:165,0
DA:170,0
DA:174,0
DA:179,0
DA:181,0
DA:184,0
DA:185,0
DA:190,0
DA:194,0
DA:199,0
DA:201,0
DA:206,0
DA:210,0
DA:213,0
DA:214,0
DA:215,0
DA:216,0
DA:217,0
DA:220,0
DA:221,0
DA:223,0
DA:227,0
DA:233,0
DA:234,0
DA:235,0
DA:236,0
DA:237,0
DA:240,0
DA:244,0
DA:246,0
DA:250,0
DA:252,0
DA:253,0
DA:254,0
DA:255,0
DA:256,0
DA:257,0
LF:96
LH:0
end_of_record
SF:lib/features/game/domain/use_cases/game_initialization_use_case.dart
DA:7,2
DA:10,2
DA:15,2
DA:16,1
DA:19,8
DA:20,1
DA:23,2
DA:24,1
DA:29,4
DA:37,2
DA:42,1
DA:44,2
DA:46,0
DA:51,1
DA:52,2
LF:15
LH:14
end_of_record
SF:lib/features/game/presentation/providers/repository_providers.g.dart
DA:9,0
DA:14,4
DA:15,2
DA:28,0
DA:33,0
DA:34,0
LF:6
LH:2
end_of_record
SF:lib/features/game/presentation/providers/repository_providers.dart
DA:11,0
DA:13,0
DA:14,0
DA:17,0
DA:21,0
DA:22,0
LF:6
LH:0
end_of_record
SF:lib/features/global_scores/data/models/global_score_model.dart
DA:9,3
DA:24,1
DA:25,1
DA:27,2
DA:28,2
DA:29,2
DA:30,2
DA:31,2
DA:32,2
DA:33,2
DA:34,2
DA:35,2
DA:36,2
DA:37,2
DA:38,2
DA:42,2
DA:43,2
DA:44,2
DA:45,2
DA:46,2
DA:47,2
DA:48,2
DA:49,2
DA:50,2
DA:51,2
DA:52,2
DA:53,2
DA:57,1
DA:58,1
DA:60,2
DA:61,1
LF:31
LH:31
end_of_record
SF:lib/features/global_scores/data/models/global_score_model.g.dart
DA:9,1
DA:11,1
DA:14,1
DA:15,1
DA:16,2
DA:17,2
DA:18,2
DA:19,2
DA:20,3
DA:21,3
DA:22,3
DA:23,2
DA:24,1
DA:26,2
DA:28,1
DA:30,2
DA:47,1
DA:49,1
DA:50,1
DA:51,1
DA:52,1
DA:53,1
DA:54,1
DA:55,1
DA:56,1
DA:57,1
DA:58,2
DA:59,2
LF:28
LH:28
end_of_record
SF:lib/features/global_scores/data/datasources/supabase_global_score_datasource.dart
DA:9,0
DA:11,0
DA:13,0
DA:14,0
DA:15,0
DA:16,0
DA:17,0
DA:19,0
DA:22,0
DA:26,0
DA:28,0
DA:30,0
DA:33,0
DA:34,0
DA:37,0
DA:39,0
DA:40,0
DA:41,0
DA:42,0
DA:43,0
DA:46,0
DA:47,0
DA:50,0
DA:52,0
DA:53,0
DA:54,0
DA:55,0
DA:56,0
DA:59,0
DA:60,0
DA:63,0
DA:65,0
DA:67,0
DA:73,0
DA:78,0
DA:79,0
DA:80,0
DA:81,0
DA:82,0
DA:83,0
DA:86,0
DA:87,0
DA:90,0
DA:92,0
DA:93,0
DA:94,0
DA:95,0
DA:96,0
DA:98,0
DA:101,0
DA:103,0
DA:104,0
DA:105,0
DA:106,0
DA:107,0
DA:109,0
LF:56
LH:0
end_of_record
SF:lib/features/global_scores/data/repositories/supabase_global_score_repository.dart
DA:9,1
DA:11,1
DA:14,1
DA:15,2
DA:16,1
DA:18,2
DA:22,1
DA:24,2
DA:27,4
DA:28,2
DA:29,4
DA:31,0
DA:35,1
DA:38,2
DA:39,4
DA:41,0
DA:45,0
DA:48,0
DA:49,0
DA:51,0
DA:55,1
DA:58,1
DA:59,1
DA:61,1
DA:63,0
DA:67,1
DA:70,2
DA:73,1
DA:74,2
DA:75,1
DA:76,1
DA:77,1
DA:78,1
DA:79,2
DA:80,1
DA:81,1
DA:82,2
DA:83,1
DA:86,1
DA:88,0
DA:92,0
DA:98,0
DA:99,0
DA:101,0
DA:105,1
DA:108,2
DA:110,0
DA:114,1
DA:117,2
DA:119,0
LF:50
LH:36
end_of_record
SF:lib/features/global_scores/domain/use_cases/get_player_stats.dart
DA:11,2
DA:13,2
DA:18,6
DA:19,2
DA:21,6
DA:29,2
LF:6
LH:6
end_of_record
SF:lib/features/global_scores/domain/use_cases/get_top_players.dart
DA:11,3
DA:13,3
DA:18,9
DA:19,3
DA:21,9
DA:29,38
LF:6
LH:6
end_of_record
SF:lib/features/multiplayer/data/converters/game_state_converter.dart
DA:7,133
DA:9,1
DA:13,1
DA:14,1
DA:15,2
DA:16,1
DA:18,2
DA:19,2
DA:20,2
DA:21,2
DA:22,2
DA:23,1
DA:24,1
DA:25,0
DA:26,1
DA:27,1
DA:28,0
DA:29,1
DA:32,1
DA:35,1
DA:38,1
DA:43,1
DA:46,1
LF:23
LH:21
end_of_record
SF:lib/features/multiplayer/data/datasources/supabase_room_datasource.dart
DA:7,0
DA:9,0
DA:13,0
DA:14,0
DA:15,0
DA:17,0
DA:20,0
DA:22,0
DA:23,0
DA:25,0
DA:28,0
DA:32,0
DA:35,0
DA:39,0
DA:43,0
DA:45,0
DA:46,0
DA:47,0
DA:49,0
DA:51,0
DA:52,0
DA:53,0
DA:55,0
DA:58,0
DA:62,0
DA:65,0
DA:66,0
DA:67,0
DA:69,0
DA:70,0
DA:71,0
DA:73,0
DA:75,0
DA:78,0
DA:80,0
DA:81,0
DA:82,0
DA:83,0
DA:84,0
DA:86,0
DA:92,0
DA:93,0
DA:94,0
DA:95,0
DA:96,0
DA:97,0
DA:100,0
DA:104,0
DA:106,0
DA:108,0
DA:112,0
DA:113,0
DA:114,0
DA:115,0
DA:116,0
DA:117,0
DA:118,0
DA:121,0
DA:122,0
DA:123,0
DA:124,0
DA:125,0
DA:126,0
DA:128,0
DA:131,0
DA:136,0
DA:138,0
DA:142,0
DA:145,0
LF:69
LH:0
end_of_record
SF:lib/features/multiplayer/data/models/room_model.dart
DA:20,1
DA:21,1
DA:25,2
DA:26,2
DA:27,2
DA:28,2
DA:29,2
DA:30,4
DA:31,2
DA:32,2
DA:33,2
DA:34,2
DA:38,2
DA:40,2
DA:42,1
DA:44,0
DA:46,0
LF:17
LH:15
end_of_record
SF:lib/features/multiplayer/data/models/room_model.g.dart
DA:9,1
DA:10,1
DA:13,1
DA:14,1
DA:15,2
DA:16,2
DA:17,1
DA:19,4
DA:21,2
DA:22,3
DA:23,1
DA:25,1
DA:27,1
DA:29,2
DA:31,1
DA:33,2
DA:48,1
DA:49,1
DA:50,1
DA:51,1
DA:52,1
DA:53,1
DA:54,1
DA:55,1
DA:56,2
DA:57,2
LF:26
LH:26
end_of_record
SF:lib/features/multiplayer/data/datasources/supabase_room_datasource_impl.dart
DA:13,1
DA:15,1
DA:20,2
DA:24,1
DA:27,1
DA:29,2
DA:30,1
DA:33,1
DA:35,2
DA:36,1
DA:37,2
DA:38,1
DA:42,2
DA:44,0
DA:49,0
DA:54,0
DA:59,0
DA:61,0
DA:64,0
DA:69,0
DA:71,0
DA:73,0
DA:78,1
DA:80,1
DA:81,1
DA:82,3
DA:85,0
DA:87,0
DA:88,0
DA:89,0
DA:90,0
DA:93,0
DA:98,0
DA:99,0
DA:102,1
DA:104,2
DA:105,4
DA:108,0
DA:112,0
DA:113,0
DA:114,0
DA:115,0
DA:121,0
DA:125,0
DA:126,0
DA:127,0
DA:131,1
DA:133,1
DA:135,1
DA:137,0
DA:139,0
DA:144,0
DA:145,0
DA:146,0
DA:151,0
DA:152,0
DA:155,0
DA:157,0
DA:160,0
DA:161,0
DA:163,0
DA:165,0
DA:167,0
DA:170,0
DA:171,0
DA:173,0
DA:176,0
DA:182,0
DA:183,0
DA:186,0
DA:187,0
DA:188,0
DA:189,0
DA:191,0
DA:192,0
DA:193,0
DA:194,0
DA:195,0
DA:196,0
DA:197,0
DA:198,0
DA:200,0
DA:201,0
DA:202,0
DA:203,0
DA:204,0
DA:206,0
DA:207,0
DA:208,0
DA:209,0
DA:210,0
DA:213,0
DA:217,0
DA:219,0
DA:221,0
DA:223,0
DA:225,0
DA:227,0
DA:230,0
LF:99
LH:23
end_of_record
SF:lib/features/multiplayer/domain/entities/room.dart
DA:19,6
LF:1
LH:1
end_of_record
SF:lib/features/multiplayer/domain/entities/room.g.dart
DA:9,6
DA:12,3
DA:13,3
DA:14,6
DA:15,6
DA:16,3
DA:18,12
DA:20,3
DA:22,6
DA:24,9
DA:25,6
DA:26,3
DA:28,6
DA:30,3
DA:32,4
DA:47,3
DA:48,3
DA:49,3
DA:50,3
DA:51,3
DA:52,6
DA:53,3
DA:54,3
DA:55,6
DA:56,4
LF:25
LH:25
end_of_record
SF:lib/features/multiplayer/domain/entities/room_event.dart
DA:32,2
DA:33,2
LF:2
LH:2
end_of_record
SF:lib/features/multiplayer/domain/entities/room_event.g.dart
DA:9,2
DA:10,2
DA:13,2
DA:14,2
DA:15,4
DA:16,4
DA:17,4
DA:28,2
DA:29,2
DA:30,2
DA:31,2
DA:32,2
DA:35,0
DA:36,0
DA:39,0
DA:40,0
DA:41,0
DA:42,0
DA:49,0
DA:50,0
DA:51,0
DA:52,0
DA:55,0
DA:56,0
DA:59,0
DA:60,0
DA:61,0
DA:62,0
DA:64,0
DA:65,0
DA:67,0
DA:78,0
DA:79,0
DA:80,0
DA:81,0
DA:82,0
DA:85,0
DA:87,0
DA:90,0
DA:91,0
DA:92,0
DA:94,0
DA:96,0
DA:103,0
DA:105,0
DA:106,0
DA:107,0
DA:110,0
DA:111,0
DA:114,0
DA:115,0
DA:116,0
DA:117,0
DA:119,0
DA:121,0
DA:123,0
DA:125,0
DA:137,0
DA:138,0
DA:139,0
DA:140,0
DA:141,0
DA:142,0
LF:63
LH:12
end_of_record
SF:lib/features/multiplayer/data/repositories/room_repository_impl.dart
DA:11,1
DA:13,1
DA:18,2
DA:25,1
DA:30,2
DA:37,0
DA:42,0
DA:45,0
DA:47,0
DA:51,1
DA:53,2
DA:56,0
DA:61,0
DA:64,1
DA:66,2
DA:69,1
DA:71,2
DA:75,1
DA:80,2
DA:82,0
DA:86,2
DA:88,1
DA:89,1
DA:93,2
DA:94,2
DA:98,0
DA:103,0
DA:105,0
LF:28
LH:18
end_of_record
SF:lib/features/multiplayer/domain/use_cases/create_room_use_case.dart
DA:7,1
DA:9,1
DA:13,2
DA:14,1
DA:17,2
LF:5
LH:5
end_of_record
SF:lib/features/multiplayer/domain/use_cases/join_room_use_case.dart
DA:7,1
DA:9,1
DA:10,2
DA:13,1
DA:16,2
DA:17,1
DA:20,4
DA:21,1
DA:24,2
LF:9
LH:9
end_of_record
SF:lib/features/multiplayer/domain/use_cases/sync_game_state_use_case.dart
DA:8,1
DA:11,1
DA:12,2
DA:16,0
DA:20,0
DA:27,0
DA:28,0
DA:32,1
DA:33,2
DA:37,0
DA:41,0
DA:48,0
DA:49,0
DA:53,1
DA:58,2
DA:66,0
DA:69,0
DA:73,0
DA:76,0
DA:82,0
DA:86,0
DA:93,1
DA:98,1
DA:102,3
DA:103,2
LF:25
LH:11
end_of_record
SF:lib/features/end_game/presentation/screens/end_game_screen.dart
DA:9,1
DA:11,1
DA:13,2
DA:15,1
DA:16,1
DA:17,1
DA:22,1
DA:23,1
DA:24,1
DA:27,1
DA:28,1
DA:30,5
DA:31,3
DA:35,1
DA:36,1
DA:38,1
DA:40,1
DA:42,1
DA:43,2
DA:44,3
DA:50,2
DA:54,5
DA:55,1
DA:56,1
DA:58,3
DA:59,2
DA:60,3
DA:62,1
DA:64,1
DA:66,1
DA:69,3
DA:73,1
DA:76,1
DA:77,1
DA:79,3
DA:81,1
DA:82,2
DA:91,1
DA:92,4
LF:39
LH:39
end_of_record
SF:lib/features/end_game/presentation/widgets/player_score_card.dart
DA:10,2
DA:18,2
DA:19,2
DA:20,2
DA:22,2
DA:24,2
DA:27,2
DA:31,2
DA:32,2
DA:33,2
DA:35,2
DA:36,2
DA:37,2
DA:38,2
DA:44,2
DA:46,2
DA:47,4
DA:48,2
DA:50,2
DA:51,2
DA:53,2
DA:56,2
DA:57,8
DA:59,4
DA:61,2
DA:62,2
DA:63,2
DA:64,2
DA:65,2
DA:74,2
DA:75,2
DA:77,2
DA:78,2
DA:79,4
DA:80,6
DA:83,2
DA:84,2
DA:85,2
DA:86,6
DA:87,6
DA:89,4
DA:91,2
DA:96,2
DA:97,6
DA:98,2
DA:117,2
DA:118,2
LF:47
LH:47
end_of_record
SF:lib/features/end_game/presentation/widgets/vote_section.dart
DA:7,2
DA:13,2
DA:15,2
DA:17,2
DA:19,2
DA:20,2
DA:21,2
DA:23,6
DA:27,2
DA:29,6
DA:33,2
DA:34,2
DA:35,2
DA:36,2
DA:37,2
DA:40,2
DA:48,2
DA:49,2
DA:50,2
DA:53,2
LF:20
LH:20
end_of_record
SF:lib/features/end_game/presentation/widgets/winner_announcement.dart
DA:7,2
DA:9,2
DA:11,2
DA:14,2
DA:15,6
DA:16,2
DA:17,2
DA:19,2
DA:20,2
DA:23,2
DA:24,6
DA:25,8
DA:27,2
DA:32,2
DA:33,6
DA:34,6
LF:16
LH:16
end_of_record
SF:lib/features/game/data/datasources/action_card_local_datasource_impl.dart
DA:11,1
DA:12,1
DA:15,1
DA:17,2
DA:20,1
DA:133,2
DA:134,2
DA:135,2
DA:136,1
DA:137,2
DA:149,1
DA:152,1
DA:154,2
DA:157,1
DA:159,4
DA:162,1
DA:164,4
DA:165,2
DA:167,2
DA:168,1
DA:173,1
DA:176,1
DA:181,2
DA:182,1
DA:183,1
DA:186,1
DA:189,1
DA:191,2
DA:195,2
DA:198,1
DA:201,2
DA:204,1
DA:206,3
LF:33
LH:33
end_of_record
SF:lib/features/game/data/datasources/supabase_action_card_datasource.dart
DA:12,1
DA:14,0
DA:16,0
DA:17,0
DA:18,0
DA:19,0
DA:20,0
DA:21,0
DA:23,0
DA:25,0
DA:26,0
DA:29,0
DA:31,0
DA:32,0
DA:33,0
DA:34,0
DA:35,0
DA:36,0
DA:38,0
DA:40,0
DA:41,0
DA:44,0
DA:47,0
DA:48,0
DA:49,0
DA:50,0
DA:51,0
DA:52,0
DA:54,0
DA:56,0
DA:57,0
DA:63,0
DA:66,0
DA:67,0
DA:68,0
DA:69,0
DA:70,0
DA:71,0
DA:74,0
DA:80,0
DA:81,0
DA:82,0
DA:83,0
DA:84,0
DA:85,0
DA:87,0
DA:90,0
DA:92,0
DA:96,0
DA:99,0
DA:100,0
DA:101,0
DA:102,0
DA:103,0
DA:104,0
DA:107,0
DA:110,0
DA:111,0
DA:112,0
DA:113,0
DA:114,0
DA:115,0
DA:117,0
DA:118,0
DA:120,0
DA:125,0
DA:126,0
DA:130,0
DA:131,0
DA:132,0
DA:133,0
DA:134,0
DA:135,0
DA:140,0
DA:143,0
DA:144,0
DA:145,0
DA:146,0
DA:147,0
DA:150,0
DA:153,0
DA:156,0
DA:157,0
DA:158,0
DA:159,0
DA:160,0
DA:163,0
DA:166,0
DA:167,0
DA:168,0
DA:169,0
DA:170,0
DA:171,0
DA:173,0
DA:174,0
DA:176,0
DA:179,0
DA:180,0
DA:183,0
DA:186,0
DA:187,0
DA:188,0
DA:189,0
DA:190,0
DA:191,0
DA:194,0
DA:196,0
DA:199,0
DA:307,0
DA:308,0
DA:309,0
DA:310,0
DA:311,0
DA:314,0
DA:315,0
DA:316,0
DA:322,0
DA:325,0
DA:326,0
DA:330,0
DA:331,0
LF:121
LH:1
end_of_record
SF:lib/features/game/data/repositories/action_card_repository_impl.dart
DA:8,1
DA:10,1
DA:12,2
DA:15,1
DA:17,2
DA:20,1
DA:22,2
DA:25,1
DA:27,2
DA:30,1
DA:32,2
DA:35,1
DA:37,2
DA:40,1
DA:42,2
LF:15
LH:15
end_of_record
SF:lib/features/game/data/repositories/supabase_action_card_repository.dart
DA:8,1
DA:10,1
DA:12,2
DA:15,1
DA:17,2
DA:20,1
DA:22,2
DA:25,1
DA:27,2
DA:30,1
DA:32,2
DA:35,1
DA:37,2
DA:40,1
DA:42,2
DA:46,1
DA:47,2
LF:17
LH:17
end_of_record
SF:lib/features/game/domain/entities/card_position.dart
DA:10,6
DA:13,20
DA:16,25
LF:3
LH:3
end_of_record
SF:lib/features/game/domain/entities/deck_state.dart
DA:14,2
DA:16,1
DA:17,1
DA:19,1
DA:21,5
DA:23,3
DA:25,3
DA:27,1
DA:28,2
DA:32,2
DA:33,2
DA:35,2
DA:38,1
DA:39,5
DA:42,1
DA:43,3
DA:48,2
DA:49,5
DA:52,2
DA:54,3
LF:20
LH:20
end_of_record
SF:lib/features/game/domain/entities/deck_state.g.dart
DA:9,1
DA:10,1
DA:13,1
DA:14,1
DA:15,1
DA:17,1
DA:18,3
DA:19,1
DA:21,1
DA:23,1
DA:24,3
DA:25,1
DA:36,1
DA:37,1
DA:38,5
DA:39,5
LF:16
LH:16
end_of_record
SF:lib/features/game/domain/entities/player_state.dart
DA:18,1
DA:19,1
LF:2
LH:2
end_of_record
SF:lib/features/game/domain/entities/player_state.g.dart
DA:9,1
DA:11,1
DA:14,1
DA:15,1
DA:16,2
DA:17,1
DA:19,1
DA:20,1
DA:21,1
DA:22,1
DA:24,1
DA:26,3
DA:27,1
DA:29,2
DA:31,1
DA:33,5
DA:35,2
DA:48,1
DA:49,1
DA:50,1
DA:51,5
DA:52,1
DA:53,1
DA:54,1
DA:55,1
LF:25
LH:25
end_of_record
SF:lib/features/game/domain/use_cases/calculate_scores.dart
DA:11,1
DA:20,1
DA:25,1
DA:26,1
DA:29,2
DA:33,3
DA:34,2
DA:37,2
DA:38,2
DA:45,4
DA:49,1
DA:50,2
DA:51,5
DA:53,1
DA:54,2
DA:55,3
DA:58,1
DA:61,1
DA:63,0
DA:64,0
LF:20
LH:18
end_of_record
SF:lib/features/game/domain/use_cases/check_end_round.dart
DA:10,1
DA:14,1
DA:17,1
DA:20,2
DA:21,1
DA:26,5
DA:30,1
DA:34,2
DA:37,4
DA:38,3
DA:41,1
DA:42,1
DA:43,4
DA:46,2
DA:47,2
DA:50,1
DA:51,2
DA:52,2
DA:58,2
DA:61,1
DA:64,1
DA:66,0
DA:67,0
LF:23
LH:21
end_of_record
SF:lib/features/game/domain/use_cases/discard_card.dart
DA:14,1
DA:22,1
DA:30,1
DA:33,1
DA:34,1
DA:37,1
DA:38,2
DA:45,1
DA:55,2
DA:64,1
DA:65,2
DA:66,2
DA:70,1
DA:71,1
DA:74,2
DA:75,2
DA:76,2
DA:77,2
DA:87,2
DA:88,3
DA:90,1
DA:93,6
DA:104,2
DA:105,1
DA:106,1
DA:107,1
DA:111,2
DA:113,3
DA:118,2
DA:122,5
DA:125,2
DA:133,1
DA:135,0
DA:139,1
DA:141,10
DA:144,2
DA:145,5
DA:146,5
DA:149,2
DA:150,1
LF:40
LH:39
end_of_record
SF:lib/features/game/domain/use_cases/distribute_cards.dart
DA:14,2
DA:21,2
DA:24,2
DA:25,4
DA:26,2
DA:30,8
DA:31,4
DA:41,4
DA:42,2
DA:45,4
DA:46,2
DA:54,4
DA:58,2
DA:61,2
DA:63,1
DA:64,2
DA:65,1
DA:69,6
DA:73,2
DA:82,4
DA:83,2
DA:86,4
DA:92,2
DA:94,0
DA:95,0
DA:100,1
DA:103,1
LF:27
LH:25
end_of_record
SF:lib/features/game/domain/use_cases/draw_action_card_use_case.dart
DA:14,1
DA:20,1
DA:22,1
DA:26,3
DA:36,2
DA:37,3
DA:47,2
DA:57,3
DA:58,4
DA:60,2
DA:69,3
DA:72,3
DA:83,2
DA:94,3
DA:97,1
DA:98,3
DA:99,1
DA:102,3
DA:111,1
DA:113,0
DA:114,0
LF:21
LH:19
end_of_record
SF:lib/features/game/domain/use_cases/draw_card.dart
DA:14,1
DA:22,1
DA:25,1
DA:26,1
DA:29,1
DA:30,2
DA:37,1
DA:47,2
DA:48,0
DA:60,2
DA:62,2
DA:63,2
DA:66,3
DA:68,1
DA:69,5
DA:70,1
DA:71,1
DA:74,1
DA:80,1
DA:81,2
DA:89,2
DA:98,2
DA:99,1
DA:101,2
DA:108,1
DA:110,0
LF:26
LH:24
end_of_record
SF:lib/features/game/domain/use_cases/end_turn.dart
DA:14,1
DA:18,1
DA:21,1
DA:22,1
DA:25,1
DA:26,2
DA:33,2
DA:34,2
DA:37,5
DA:38,1
DA:41,2
DA:44,1
DA:47,2
DA:48,1
DA:51,1
DA:53,1
DA:54,1
DA:56,2
DA:63,2
DA:70,1
DA:72,0
DA:76,1
DA:78,1
DA:81,2
DA:82,1
DA:83,3
DA:84,3
DA:85,3
DA:89,3
DA:90,5
DA:91,5
DA:93,2
DA:94,4
DA:95,1
DA:103,1
DA:107,2
DA:108,2
DA:110,1
DA:111,1
DA:112,1
DA:118,2
LF:41
LH:40
end_of_record
SF:lib/features/game/domain/use_cases/process_last_round.dart
DA:11,1
DA:15,1
DA:18,1
DA:21,2
DA:22,1
DA:25,2
DA:28,3
DA:29,1
DA:32,3
DA:37,1
DA:38,2
DA:39,2
DA:40,3
DA:41,1
DA:46,3
DA:50,2
DA:52,1
DA:54,0
DA:55,0
LF:19
LH:17
end_of_record
SF:lib/features/game/domain/use_cases/reveal_initial_cards.dart
DA:13,2
DA:22,2
DA:28,6
DA:29,1
DA:30,1
DA:32,1
DA:34,3
DA:41,6
DA:42,8
DA:45,4
DA:54,6
DA:55,2
DA:58,4
DA:60,8
DA:61,1
DA:62,1
DA:64,2
DA:70,2
DA:72,0
DA:73,0
DA:74,0
DA:81,2
DA:82,1
DA:83,1
DA:84,1
DA:91,2
DA:95,4
DA:98,6
DA:99,2
DA:102,8
DA:104,0
DA:105,0
LF:32
LH:27
end_of_record
SF:lib/features/game/domain/use_cases/start_game.dart
DA:13,1
DA:20,1
DA:25,1
DA:28,1
DA:31,1
DA:43,2
DA:53,2
DA:55,1
DA:59,2
DA:60,1
DA:66,1
DA:70,1
DA:73,2
DA:75,2
DA:76,3
DA:78,2
DA:79,1
DA:81,1
DA:86,1
DA:90,1
DA:93,1
DA:95,0
DA:99,1
DA:102,1
LF:24
LH:23
end_of_record
SF:lib/features/game/domain/use_cases/use_action_card_use_case.dart
DA:13,2
DA:25,1
DA:27,1
DA:33,2
DA:34,1
DA:35,1
DA:36,1
DA:37,1
DA:41,2
DA:42,1
DA:43,2
DA:46,1
DA:48,0
DA:49,0
DA:50,0
DA:58,0
DA:63,0
DA:64,0
DA:65,0
DA:66,0
DA:67,0
DA:70,0
DA:71,0
DA:72,0
DA:75,0
DA:77,0
DA:78,0
DA:79,0
DA:87,1
DA:91,1
DA:92,1
DA:93,1
DA:94,0
DA:99,1
DA:100,1
DA:102,1
DA:103,1
DA:105,1
DA:106,0
DA:107,0
DA:108,1
DA:110,1
DA:113,0
DA:114,0
DA:117,0
DA:122,0
DA:124,0
DA:125,0
DA:126,0
DA:127,0
DA:128,0
DA:129,0
DA:130,0
DA:138,0
DA:140,0
DA:142,0
DA:143,0
LF:57
LH:23
end_of_record
SF:lib/features/game/presentation/providers/card_selection_provider.dart
DA:33,11
DA:36,8
DA:39,8
DA:42,4
DA:43,4
DA:45,4
DA:46,4
DA:47,2
DA:48,8
DA:49,2
DA:50,2
DA:51,4
DA:52,2
DA:53,2
DA:54,2
DA:55,1
DA:56,2
DA:57,1
DA:58,2
DA:59,4
DA:60,0
DA:66,12
DA:70,10
DA:73,4
DA:74,4
DA:83,1
DA:84,1
DA:93,2
DA:94,4
DA:102,2
DA:103,4
DA:111,3
DA:112,3
DA:119,2
DA:120,2
DA:128,4
DA:129,8
DA:131,4
DA:134,12
DA:135,12
DA:136,6
DA:139,2
DA:140,4
DA:142,4
DA:143,1
DA:144,4
DA:149,8
DA:150,2
DA:151,8
DA:154,2
DA:155,2
DA:156,8
DA:162,12
DA:163,12
DA:164,12
DA:165,3
DA:166,0
DA:168,4
DA:174,16
DA:175,4
DA:179,13
DA:180,0
DA:184,8
DA:185,16
DA:189,8
DA:190,16
DA:195,4
DA:199,3
DA:200,6
DA:202,12
DA:206,1
DA:207,2
DA:211,1
DA:212,4
DA:216,1
DA:217,4
DA:221,5
DA:222,5
DA:226,4
DA:227,8
DA:231,8
DA:232,4
DA:233,2
DA:234,4
DA:235,12
DA:236,12
DA:239,2
DA:240,2
DA:241,2
DA:242,4
DA:243,6
DA:244,2
DA:247,2
DA:248,2
DA:249,2
DA:250,4
DA:252,2
DA:253,0
DA:255,2
DA:256,2
DA:257,4
DA:258,6
DA:261,0
DA:266,4
DA:272,10
DA:273,5
DA:274,10
LF:107
LH:102
end_of_record
SF:lib/features/game/presentation/providers/action_card_providers.g.dart
DA:9,0
DA:14,0
DA:15,0
DA:29,0
DA:34,2
DA:35,1
DA:48,0
DA:53,0
DA:55,0
DA:57,0
DA:59,0
DA:60,0
DA:63,0
DA:65,0
DA:67,0
DA:68,0
DA:80,1
DA:83,0
DA:84,0
DA:87,0
DA:91,0
DA:96,0
DA:101,0
DA:105,0
DA:113,0
DA:114,0
DA:115,0
DA:130,0
DA:138,0
DA:142,0
DA:147,0
DA:149,0
DA:150,0
DA:151,0
DA:156,0
DA:161,0
DA:163,0
DA:166,0
DA:168,0
DA:169,0
DA:172,0
DA:174,0
DA:175,0
DA:177,0
DA:192,0
DA:194,0
DA:196,0
DA:199,0
DA:204,2
DA:205,1
DA:218,0
DA:227,1
DA:230,0
DA:233,0
DA:236,0
DA:240,0
DA:245,0
DA:250,0
DA:254,0
DA:262,0
DA:263,0
DA:264,0
DA:276,0
DA:284,0
DA:288,0
DA:292,0
DA:294,0
DA:295,0
DA:296,0
DA:301,0
DA:306,0
DA:308,0
DA:311,0
DA:313,0
DA:316,0
DA:318,0
DA:319,0
DA:321,0
DA:335,0
DA:337,0
DA:339,0
DA:342,0
DA:351,1
DA:354,0
DA:357,0
DA:360,0
DA:364,0
DA:369,0
DA:374,0
DA:378,0
DA:385,0
DA:387,0
DA:388,0
DA:400,0
DA:408,0
DA:412,0
DA:416,0
DA:418,0
DA:419,0
DA:420,0
DA:425,0
DA:430,0
DA:432,0
DA:435,0
DA:437,0
DA:440,0
DA:442,0
DA:443,0
DA:445,0
DA:459,0
DA:461,0
DA:463,0
DA:466,0
DA:471,0
DA:472,0
LF:115
LH:7
end_of_record
SF:lib/features/game/presentation/providers/action_card_providers.dart
DA:20,0
DA:24,0
DA:27,0
DA:29,0
DA:30,0
DA:34,0
DA:39,0
DA:40,0
DA:41,0
DA:44,0
DA:46,0
DA:47,0
DA:50,0
DA:55,0
DA:56,0
DA:58,0
DA:61,0
DA:68,0
DA:69,0
DA:72,0
DA:74,0
DA:79,0
DA:84,0
DA:90,0
DA:93,0
DA:94,0
DA:101,0
DA:103,0
DA:104,0
DA:105,0
DA:110,0
DA:111,0
DA:112,0
DA:129,0
DA:130,0
DA:138,0
DA:139,0
DA:140,0
DA:141,0
DA:145,0
DA:146,0
DA:149,0
DA:150,0
DA:152,0
DA:155,0
DA:157,0
DA:158,0
DA:164,0
DA:165,0
DA:166,0
LF:50
LH:0
end_of_record
SF:lib/features/game/presentation/providers/direction_observer_provider.dart
DA:8,4
DA:11,3
DA:14,1
DA:15,1
DA:17,1
DA:20,1
DA:24,3
DA:25,1
LF:8
LH:8
end_of_record
SF:lib/features/game/presentation/providers/game_animation_provider.dart
DA:16,4
DA:18,2
DA:19,4
DA:20,8
DA:27,2
DA:28,8
DA:32,6
DA:33,3
DA:34,4
LF:9
LH:9
end_of_record
SF:lib/features/game/presentation/widgets/action_card_hand_widget.dart
DA:14,1
DA:22,1
DA:24,1
DA:30,1
DA:32,3
DA:33,2
DA:35,1
DA:36,1
DA:38,1
DA:39,1
DA:41,1
DA:42,2
DA:43,3
DA:48,1
DA:49,1
DA:50,1
DA:51,1
DA:58,1
DA:59,1
DA:60,1
DA:62,1
DA:63,2
DA:65,1
DA:67,1
DA:69,4
DA:76,1
DA:77,1
DA:79,1
DA:81,1
DA:82,4
DA:83,2
DA:84,2
DA:91,1
DA:92,2
DA:93,3
DA:95,1
DA:96,4
DA:97,0
DA:99,1
DA:103,2
DA:104,2
DA:105,2
DA:111,1
DA:112,1
DA:114,2
DA:115,1
DA:118,3
DA:121,2
DA:122,1
DA:123,2
DA:124,1
DA:130,0
DA:131,0
DA:133,0
DA:134,0
DA:135,0
DA:136,0
DA:137,0
DA:138,0
DA:142,0
DA:145,0
DA:146,0
DA:148,0
DA:160,0
DA:161,0
DA:162,0
LF:66
LH:50
end_of_record
SF:lib/features/game/presentation/widgets/action_card_widget.dart
DA:12,2
DA:21,2
DA:23,2
DA:24,2
DA:26,2
DA:29,2
DA:30,4
DA:31,2
DA:32,2
DA:33,2
DA:34,4
DA:35,2
DA:36,2
DA:37,2
DA:38,2
DA:40,4
DA:41,2
DA:42,1
DA:43,2
DA:50,1
DA:51,1
DA:53,1
DA:55,1
DA:56,2
DA:57,4
DA:68,3
DA:72,3
DA:77,2
DA:78,2
DA:80,2
DA:82,2
DA:83,4
DA:84,2
DA:86,6
DA:93,6
DA:96,2
DA:98,2
DA:99,6
DA:101,2
DA:102,2
DA:103,2
DA:104,2
DA:106,6
DA:114,6
DA:115,4
DA:120,2
DA:121,4
DA:123,2
DA:124,2
DA:125,1
DA:128,2
DA:129,2
DA:130,2
DA:131,1
DA:134,2
DA:135,2
DA:136,2
DA:139,2
DA:140,2
DA:141,2
DA:142,0
DA:145,2
DA:146,2
DA:147,1
DA:148,1
DA:149,2
DA:152,1
DA:153,0
DA:154,0
DA:155,0
DA:156,0
DA:157,0
DA:158,0
DA:159,1
DA:163,2
DA:164,4
DA:165,2
DA:167,2
DA:169,2
DA:171,2
DA:173,2
DA:175,2
DA:177,2
DA:179,2
DA:181,2
DA:183,2
DA:185,2
DA:187,0
DA:189,0
DA:191,0
DA:193,0
DA:195,0
DA:197,0
DA:199,0
DA:201,0
DA:203,0
DA:205,0
DA:210,2
DA:211,4
DA:213,2
DA:214,2
DA:215,2
DA:216,1
DA:219,2
DA:220,2
DA:221,2
DA:224,2
DA:225,2
DA:226,1
DA:229,2
DA:233,2
DA:234,4
DA:235,2
DA:237,2
DA:239,2
DA:244,2
DA:245,4
DA:246,2
DA:248,2
DA:250,2
DA:255,2
DA:256,4
DA:257,2
DA:259,2
DA:261,2
DA:266,2
DA:267,4
DA:268,2
DA:270,1
DA:272,1
DA:274,1
DA:276,1
DA:278,0
DA:280,0
DA:285,1
DA:286,2
DA:287,1
DA:288,3
DA:290,1
DA:292,0
DA:293,0
LF:141
LH:120
end_of_record
SF:lib/features/game/presentation/widgets/card_animation_widget.dart
DA:12,1
DA:20,1
DA:21,1
DA:39,1
DA:41,1
DA:42,1
DA:45,1
DA:46,2
DA:47,2
DA:50,2
DA:51,2
DA:54,2
DA:55,2
DA:58,2
DA:59,2
DA:63,3
DA:64,2
DA:67,3
DA:68,2
DA:71,3
DA:72,2
DA:75,2
DA:76,1
DA:77,2
DA:81,1
DA:83,2
DA:84,2
DA:85,2
DA:86,2
DA:87,1
DA:90,1
DA:91,1
DA:92,2
DA:93,2
DA:94,2
DA:95,2
DA:97,1
DA:100,0
DA:107,0
DA:108,0
DA:110,0
DA:113,0
DA:115,0
DA:117,0
DA:120,0
DA:121,0
DA:122,0
DA:126,1
DA:127,1
DA:128,1
DA:130,2
DA:133,3
DA:135,2
DA:137,2
DA:140,3
DA:142,2
DA:143,2
DA:145,2
DA:146,1
DA:147,3
DA:151,1
DA:152,1
DA:153,1
DA:154,1
DA:157,2
DA:160,1
DA:161,1
DA:163,1
DA:164,1
DA:166,3
DA:167,1
DA:168,2
DA:171,2
DA:172,2
DA:174,1
DA:175,1
DA:176,2
DA:180,1
DA:181,1
DA:182,1
DA:184,3
DA:185,2
DA:188,2
DA:189,2
DA:190,1
DA:191,2
DA:195,1
DA:196,1
DA:197,1
DA:199,2
DA:202,3
DA:204,2
DA:207,3
DA:209,6
DA:211,2
DA:212,2
DA:213,1
DA:214,2
DA:218,1
DA:219,1
DA:220,1
DA:223,3
DA:224,1
DA:225,1
DA:230,2
DA:232,3
DA:233,1
DA:234,1
DA:239,3
DA:240,1
DA:241,1
DA:246,2
DA:247,2
DA:248,2
DA:251,2
DA:252,2
DA:253,1
DA:254,2
DA:258,1
DA:259,1
DA:260,1
DA:263,1
DA:264,1
DA:266,1
DA:267,1
DA:268,2
DA:271,2
DA:273,2
DA:277,2
DA:279,1
DA:280,2
DA:283,1
DA:285,1
DA:286,2
DA:287,1
DA:288,1
DA:289,1
DA:290,1
DA:292,1
DA:293,2
DA:296,3
DA:297,1
DA:298,2
DA:304,3
DA:305,1
DA:307,1
DA:308,1
DA:309,3
DA:315,3
DA:316,3
DA:320,3
DA:321,2
LF:152
LH:142
end_of_record
SF:lib/features/game/presentation/widgets/card_widget.dart
DA:13,36
DA:23,7
DA:25,7
DA:27,7
DA:28,7
DA:29,7
DA:30,7
DA:32,14
DA:33,7
DA:34,7
DA:35,7
DA:36,7
DA:37,12
DA:38,7
DA:41,14
DA:43,7
DA:44,9
DA:45,7
DA:46,7
DA:52,7
DA:53,7
DA:54,7
DA:61,7
DA:62,7
DA:63,2
DA:64,6
DA:65,2
DA:66,2
DA:69,2
DA:71,6
DA:77,7
DA:81,14
DA:82,5
DA:83,5
DA:84,5
DA:87,5
DA:88,15
DA:89,15
DA:93,5
DA:94,5
DA:96,5
DA:98,5
DA:99,5
DA:101,15
DA:104,5
DA:105,5
DA:108,15
DA:117,5
DA:118,5
DA:119,5
DA:120,5
DA:122,5
DA:125,5
DA:128,5
DA:131,5
DA:133,5
DA:137,10
DA:143,5
DA:145,20
DA:147,5
DA:149,20
DA:151,5
DA:154,20
DA:157,5
DA:158,5
DA:159,5
DA:160,5
DA:161,15
DA:165,5
DA:166,10
DA:167,5
DA:168,5
DA:169,4
DA:170,5
DA:171,2
DA:172,5
DA:173,5
DA:174,4
DA:175,4
DA:179,5
DA:180,10
DA:181,5
DA:182,5
DA:183,4
DA:184,5
DA:185,2
DA:186,5
DA:187,5
DA:188,4
DA:189,4
DA:197,5
DA:199,5
DA:201,5
DA:202,10
DA:203,5
DA:204,5
DA:209,35
DA:210,5
DA:211,5
DA:212,20
DA:218,1
LF:101
LH:101
end_of_record
SF:lib/features/game/presentation/widgets/deck_and_discard_widget.dart
DA:12,1
DA:20,1
DA:22,3
DA:23,3
DA:26,1
DA:28,1
DA:29,3
DA:30,1
DA:32,1
DA:34,1
DA:36,1
DA:38,1
DA:39,1
DA:41,1
DA:43,3
DA:46,1
DA:48,1
DA:50,2
DA:51,1
DA:52,3
DA:53,1
DA:56,1
DA:57,1
DA:58,1
DA:60,2
DA:61,1
DA:62,1
DA:63,3
DA:70,1
DA:71,2
DA:72,1
DA:76,1
DA:77,1
DA:78,1
DA:79,1
DA:80,3
DA:85,1
DA:86,1
DA:90,1
DA:91,1
DA:92,1
DA:93,1
DA:94,1
DA:96,3
DA:98,1
DA:99,1
DA:101,3
DA:113,1
DA:118,1
DA:119,3
DA:120,1
DA:122,1
DA:123,4
DA:124,1
DA:127,3
DA:135,1
DA:138,1
DA:140,3
DA:144,1
DA:146,1
DA:147,1
DA:149,1
DA:151,3
DA:154,1
DA:155,2
DA:156,1
DA:160,1
DA:161,1
DA:162,1
DA:163,1
DA:164,3
DA:167,1
DA:168,3
DA:173,1
DA:174,1
DA:175,2
DA:176,1
DA:177,1
DA:178,1
DA:179,1
DA:180,1
DA:182,3
DA:184,1
DA:185,1
DA:187,1
DA:189,2
DA:196,1
DA:197,1
DA:198,3
DA:199,1
DA:200,1
DA:201,1
DA:203,3
DA:208,1
DA:209,1
DA:211,1
DA:212,1
DA:214,3
DA:223,1
DA:228,1
DA:229,3
DA:230,1
DA:232,1
DA:233,4
DA:234,1
DA:237,3
LF:106
LH:106
end_of_record
SF:lib/features/game/presentation/widgets/game_animation_overlay.dart
DA:9,2
DA:11,1
DA:13,2
DA:15,1
DA:16,1
DA:17,1
DA:18,1
DA:19,1
DA:20,1
DA:21,1
DA:22,1
DA:23,4
LF:12
LH:12
end_of_record
SF:lib/features/game/presentation/widgets/direction_change_animation.dart
DA:9,1
DA:15,1
DA:17,1
DA:34,1
DA:36,1
DA:39,2
DA:44,2
DA:45,1
DA:50,2
DA:54,3
DA:55,2
DA:59,2
DA:63,1
DA:64,1
DA:66,3
DA:67,1
DA:68,2
DA:72,1
DA:75,1
DA:77,2
DA:80,3
DA:81,1
DA:82,2
DA:83,2
DA:88,3
DA:89,1
DA:90,4
DA:91,1
DA:92,3
DA:99,1
DA:101,2
DA:102,1
DA:103,2
DA:104,2
DA:105,2
DA:106,2
DA:107,1
DA:110,1
DA:112,1
DA:113,1
DA:115,1
DA:116,1
DA:117,1
DA:118,1
DA:119,1
DA:120,1
DA:121,1
DA:122,1
DA:123,1
DA:124,3
DA:128,1
DA:131,1
DA:132,1
DA:134,1
DA:135,1
DA:136,1
DA:137,4
DA:143,1
DA:145,1
DA:146,1
DA:147,3
DA:151,1
DA:154,1
DA:156,3
DA:157,1
LF:65
LH:65
end_of_record
SF:lib/features/game/presentation/widgets/game_selection_overlay.dart
DA:16,2
DA:26,1
DA:28,1
DA:36,1
DA:38,1
DA:39,2
DA:43,3
DA:44,2
DA:48,1
DA:50,2
DA:51,1
DA:54,1
DA:56,3
DA:57,4
DA:60,1
DA:61,2
DA:63,2
DA:66,3
DA:70,1
DA:71,1
DA:72,1
DA:73,1
DA:74,1
DA:75,1
DA:77,1
DA:78,2
DA:79,1
DA:80,3
DA:81,1
DA:82,1
DA:83,0
DA:84,1
DA:95,1
DA:99,1
DA:100,1
DA:101,1
DA:102,0
DA:103,1
DA:109,1
DA:113,1
DA:114,2
DA:115,6
DA:116,1
DA:118,1
DA:120,1
DA:123,1
DA:125,1
DA:127,1
DA:129,1
DA:130,1
DA:131,1
DA:133,2
DA:137,1
DA:139,2
DA:140,3
DA:141,1
DA:148,1
DA:149,1
DA:151,1
DA:153,3
DA:154,2
DA:159,1
DA:160,1
DA:168,1
DA:169,1
DA:170,1
DA:172,3
DA:174,1
DA:177,2
DA:179,1
DA:180,2
DA:181,3
DA:182,2
DA:183,1
DA:184,1
DA:186,1
DA:188,1
DA:191,1
DA:192,1
DA:195,2
DA:197,1
DA:198,1
DA:200,2
DA:201,2
DA:205,1
DA:206,1
DA:207,3
DA:212,2
LF:88
LH:86
end_of_record
SF:lib/features/game/presentation/widgets/opponents_view_widget.dart
DA:13,1
DA:20,1
DA:22,1
DA:23,3
DA:24,1
DA:28,3
DA:29,1
DA:30,2
DA:32,1
DA:33,1
DA:35,1
DA:38,1
DA:42,1
DA:44,2
DA:45,5
DA:46,1
DA:48,1
DA:52,1
DA:54,1
DA:55,1
DA:57,1
DA:58,2
DA:59,1
DA:61,3
DA:64,1
DA:66,1
DA:69,1
DA:70,1
DA:71,1
DA:72,1
DA:74,7
DA:75,1
DA:77,1
DA:78,1
DA:79,3
DA:81,1
DA:83,1
DA:84,1
DA:85,1
DA:86,1
DA:89,1
DA:90,4
DA:95,2
DA:96,0
DA:99,0
DA:100,0
DA:101,0
DA:102,0
DA:125,1
DA:133,1
DA:135,1
DA:136,3
DA:137,1
DA:141,2
DA:142,1
DA:143,2
DA:145,1
DA:146,1
DA:148,1
DA:151,1
DA:155,1
DA:157,2
DA:158,5
DA:159,1
DA:161,1
DA:165,1
DA:166,1
DA:168,1
DA:169,1
DA:171,1
DA:172,2
DA:173,1
DA:175,3
DA:178,1
DA:180,1
DA:183,1
DA:184,1
DA:189,1
DA:190,1
DA:191,1
DA:192,1
DA:194,7
DA:195,1
DA:197,1
DA:200,1
DA:201,0
LF:86
LH:80
end_of_record
SF:lib/features/game/presentation/widgets/opponent_grid_widget.dart
DA:11,2
DA:18,2
DA:20,2
DA:21,2
DA:22,2
DA:24,2
DA:25,2
DA:26,6
DA:27,2
DA:28,2
DA:29,6
DA:33,2
DA:34,2
DA:35,2
DA:41,2
DA:42,2
DA:44,2
DA:46,2
DA:51,2
DA:52,2
DA:53,6
DA:54,6
DA:59,2
DA:60,2
DA:62,2
DA:64,2
DA:65,6
DA:66,6
DA:67,2
DA:68,8
DA:69,2
DA:72,2
DA:73,6
DA:74,6
DA:80,2
DA:81,2
DA:84,2
DA:85,2
DA:86,8
DA:87,6
DA:88,2
DA:91,2
DA:92,2
DA:94,6
DA:95,2
DA:96,2
DA:98,4
DA:106,2
DA:111,2
DA:112,6
DA:113,2
DA:115,2
DA:116,6
DA:117,2
DA:120,2
DA:122,4
DA:131,2
DA:133,2
DA:134,2
DA:135,2
DA:136,2
DA:137,4
DA:138,4
DA:140,2
DA:141,2
DA:143,4
DA:144,4
DA:145,2
DA:146,2
DA:147,2
DA:150,2
DA:152,2
DA:154,10
DA:166,2
DA:168,2
DA:169,6
DA:174,2
DA:176,2
DA:177,2
DA:178,2
DA:181,6
DA:183,8
DA:186,2
DA:187,2
DA:190,8
DA:192,2
DA:193,6
DA:197,4
DA:198,2
DA:200,2
DA:203,6
DA:216,2
DA:218,2
DA:219,2
DA:220,6
DA:221,2
DA:222,2
DA:223,8
DA:229,2
DA:230,2
DA:231,2
DA:232,2
DA:233,2
DA:234,2
DA:240,2
DA:241,2
DA:242,2
DA:243,2
DA:244,2
DA:245,2
DA:246,2
DA:247,4
DA:248,8
DA:250,2
DA:256,1
DA:257,1
DA:258,1
DA:261,1
DA:262,1
DA:264,3
DA:265,1
DA:267,3
DA:276,2
DA:283,2
DA:286,2
DA:287,2
DA:289,2
DA:290,8
DA:292,2
DA:294,2
DA:296,6
DA:300,2
DA:302,8
DA:303,6
DA:311,2
DA:312,2
DA:313,2
DA:314,2
DA:315,0
DA:316,2
DA:317,1
DA:318,1
DA:319,1
DA:320,0
DA:321,0
DA:325,2
DA:326,2
DA:327,2
DA:328,2
DA:329,0
DA:330,2
DA:331,1
DA:332,1
DA:333,1
DA:334,0
DA:335,0
LF:156
LH:150
end_of_record
SF:lib/features/game/presentation/widgets/player_grid_with_selection.dart
DA:15,2
DA:25,2
DA:27,4
DA:28,6
DA:32,2
DA:33,2
DA:34,4
DA:35,4
DA:38,2
DA:39,2
DA:40,4
DA:41,4
DA:45,2
DA:47,2
DA:48,2
DA:49,2
DA:50,2
DA:51,2
DA:53,2
DA:58,2
DA:59,2
DA:61,2
DA:63,2
DA:67,2
DA:68,2
DA:69,2
DA:70,2
DA:71,2
DA:73,0
DA:74,0
DA:79,2
DA:85,2
DA:90,2
DA:95,2
DA:96,2
DA:97,2
DA:100,2
DA:108,0
DA:109,0
DA:112,0
DA:120,0
DA:121,0
DA:123,0
DA:126,0
DA:130,0
DA:134,0
DA:138,0
DA:142,0
DA:143,0
DA:151,0
DA:157,2
DA:159,2
DA:160,6
DA:161,2
DA:162,2
DA:163,6
DA:166,2
DA:168,2
DA:169,6
DA:171,2
DA:172,2
DA:174,6
DA:175,4
DA:186,2
DA:191,2
DA:193,2
DA:195,2
DA:197,2
DA:198,4
DA:201,2
DA:202,4
DA:203,6
DA:210,2
DA:211,2
DA:212,4
DA:216,2
DA:217,2
DA:218,4
DA:219,4
DA:226,0
DA:231,0
DA:234,2
DA:235,2
DA:236,2
DA:237,4
DA:245,0
DA:246,0
DA:250,0
DA:251,0
DA:255,0
DA:256,0
LF:91
LH:68
end_of_record
SF:lib/features/game/presentation/widgets/player_grid_widget.dart
DA:13,3
DA:23,3
DA:25,3
DA:26,3
DA:28,6
DA:30,9
DA:31,3
DA:32,3
DA:34,3
DA:36,3
DA:37,3
DA:38,3
DA:40,9
DA:42,3
DA:43,3
DA:44,3
DA:45,9
DA:46,3
DA:47,3
DA:50,3
DA:51,3
DA:53,3
DA:54,3
DA:55,3
DA:57,3
DA:59,3
DA:60,3
DA:63,9
DA:66,3
DA:68,9
DA:69,3
DA:70,9
DA:77,3
DA:79,6
DA:80,3
DA:82,3
DA:84,6
DA:85,6
DA:87,6
DA:90,6
DA:94,3
DA:98,3
DA:101,3
DA:103,1
DA:106,6
DA:107,6
DA:117,3
DA:118,3
DA:120,3
DA:130,3
DA:131,3
DA:132,6
DA:133,6
DA:135,3
DA:137,3
DA:138,3
DA:140,3
DA:144,3
DA:146,3
DA:151,3
DA:152,1
DA:154,2
DA:163,3
DA:165,9
DA:166,6
DA:167,3
DA:168,1
DA:184,3
DA:193,3
DA:196,3
DA:197,3
DA:198,9
DA:199,9
DA:201,3
DA:202,3
DA:203,3
DA:205,3
DA:206,3
DA:207,3
DA:208,6
DA:210,3
DA:212,3
DA:213,6
DA:215,3
DA:216,3
DA:217,3
LF:86
LH:86
end_of_record
SF:lib/features/game/presentation/widgets/player_hand_widget.dart
DA:11,1
DA:19,1
DA:21,2
DA:25,1
DA:27,1
DA:28,3
DA:29,1
DA:30,1
DA:31,1
DA:32,1
DA:38,1
DA:40,1
DA:41,1
DA:42,1
DA:43,1
DA:45,3
DA:49,1
DA:51,1
DA:53,3
DA:56,1
DA:57,1
DA:58,1
DA:61,1
DA:62,3
DA:68,1
DA:70,1
DA:72,1
DA:73,1
DA:75,1
DA:76,2
DA:77,1
DA:80,2
DA:82,1
DA:84,1
DA:85,1
DA:88,3
DA:91,1
DA:94,3
LF:38
LH:38
end_of_record
SF:lib/features/game/presentation/widgets/turn_info_widget.dart
DA:8,1
DA:14,1
DA:16,2
DA:17,3
DA:18,2
DA:20,1
DA:22,1
DA:24,3
DA:25,3
DA:26,1
DA:27,1
DA:28,1
DA:29,1
DA:35,1
DA:37,1
DA:39,1
DA:40,1
DA:45,3
DA:46,3
DA:50,1
DA:53,1
DA:54,1
DA:55,2
DA:56,4
DA:59,3
DA:60,3
DA:63,1
DA:64,1
DA:65,4
DA:67,1
DA:69,3
DA:70,1
DA:72,3
DA:78,3
DA:80,1
DA:82,1
DA:83,1
DA:84,1
DA:85,1
DA:109,1
DA:110,2
DA:111,1
DA:113,1
DA:114,2
DA:118,1
DA:120,1
LF:46
LH:46
end_of_record
SF:lib/features/game/presentation/widgets/visual_feedback_widget.dart
DA:12,1
DA:20,1
DA:21,1
DA:44,1
DA:46,1
DA:47,1
DA:50,1
DA:51,2
DA:52,2
DA:55,2
DA:56,2
DA:59,2
DA:60,2
DA:63,2
DA:67,2
DA:68,2
DA:72,3
DA:73,2
DA:76,1
DA:77,2
DA:78,1
DA:79,1
DA:84,3
DA:85,2
DA:88,3
DA:89,2
DA:92,2
DA:95,3
DA:98,1
DA:100,2
DA:101,2
DA:102,2
DA:103,2
DA:104,2
DA:105,1
DA:109,1
DA:110,1
DA:111,4
DA:112,1
DA:113,2
DA:116,4
DA:117,4
DA:118,3
DA:124,1
DA:125,1
DA:126,1
DA:127,1
DA:129,3
DA:130,1
DA:131,1
DA:132,1
DA:137,4
DA:138,2
DA:139,4
DA:140,2
DA:147,1
DA:148,1
DA:149,4
DA:150,2
DA:151,1
DA:152,2
DA:157,1
DA:158,1
DA:159,1
DA:160,4
DA:162,2
DA:166,2
DA:167,1
DA:168,1
DA:169,2
DA:174,1
DA:175,1
DA:176,1
DA:178,2
DA:179,2
DA:180,6
DA:181,2
DA:183,2
DA:187,2
DA:188,1
DA:189,1
DA:190,2
DA:194,1
DA:196,2
DA:199,2
DA:200,3
DA:204,1
DA:205,2
DA:206,1
DA:207,1
DA:208,1
DA:209,1
DA:210,1
DA:212,1
DA:216,3
DA:217,1
DA:218,2
DA:224,3
DA:225,1
DA:226,1
DA:227,3
DA:228,5
DA:236,3
DA:237,1
DA:238,1
DA:240,1
DA:241,1
DA:242,1
DA:244,1
DA:245,2
DA:246,1
DA:256,3
DA:257,1
DA:258,1
DA:260,1
DA:261,1
DA:262,1
DA:263,1
DA:264,1
DA:265,3
DA:266,3
DA:276,4
DA:277,1
DA:278,1
DA:280,1
DA:281,1
DA:282,1
DA:283,1
DA:284,2
DA:285,1
DA:286,2
DA:287,1
DA:288,1
DA:290,1
DA:315,1
DA:321,1
DA:323,1
DA:324,6
DA:325,1
DA:327,3
DA:331,1
DA:332,1
DA:333,5
DA:335,3
DA:338,1
DA:340,3
DA:341,3
DA:342,0
LF:148
LH:147
end_of_record
SF:lib/features/global_scores/presentation/screens/game_history_screen.dart
DA:10,2
DA:12,1
DA:14,4
DA:16,1
DA:17,1
DA:18,1
DA:19,0
DA:21,0
DA:23,1
DA:24,1
DA:25,1
DA:34,1
DA:36,1
DA:37,1
DA:38,1
DA:39,2
DA:43,1
DA:44,2
DA:45,1
DA:47,1
DA:48,3
DA:63,1
DA:65,1
DA:67,1
DA:69,1
DA:70,5
DA:71,1
DA:72,1
DA:74,1
DA:76,1
DA:77,1
DA:79,1
DA:80,1
DA:81,3
DA:82,3
DA:84,2
DA:85,1
DA:90,1
DA:91,1
DA:92,1
DA:105,1
DA:106,1
DA:107,1
DA:109,3
DA:112,1
DA:114,4
DA:119,1
DA:120,1
DA:121,1
DA:123,3
DA:125,3
DA:127,1
DA:129,4
DA:135,1
DA:136,3
DA:137,3
DA:146,1
DA:147,2
DA:150,1
DA:151,1
DA:152,1
DA:153,1
DA:155,1
DA:156,1
DA:157,1
DA:160,1
DA:176,6
DA:184,1
DA:186,1
DA:188,1
DA:190,1
DA:191,5
DA:193,5
LF:73
LH:71
end_of_record
SF:lib/features/global_scores/presentation/screens/leaderboard_screen.dart
DA:9,2
DA:11,1
DA:13,2
DA:15,1
DA:16,1
DA:17,1
DA:18,0
DA:20,0
DA:22,1
DA:23,1
DA:24,1
DA:34,1
DA:35,5
DA:37,1
DA:39,1
DA:40,1
DA:41,1
DA:42,1
DA:44,1
DA:45,1
DA:50,1
DA:51,2
DA:52,1
DA:54,1
DA:55,3
DA:71,1
DA:73,1
DA:75,2
DA:77,1
DA:79,2
DA:80,1
DA:81,5
DA:82,1
DA:83,1
DA:85,1
DA:86,1
DA:88,1
DA:91,1
DA:92,2
DA:95,1
DA:97,1
DA:98,0
DA:99,0
DA:110,1
DA:111,1
DA:113,1
DA:114,1
DA:116,1
DA:117,1
DA:118,2
DA:119,3
DA:121,1
DA:126,1
DA:127,1
DA:129,5
DA:130,1
DA:132,1
DA:133,5
DA:134,1
DA:135,3
DA:143,1
DA:144,1
DA:145,1
DA:147,3
DA:150,1
DA:152,3
DA:157,1
DA:158,1
DA:159,1
DA:162,4
DA:165,1
DA:167,3
DA:181,1
DA:183,1
DA:185,1
DA:187,1
DA:194,1
DA:196,1
DA:198,1
DA:199,1
DA:200,1
DA:201,1
DA:203,0
DA:212,1
DA:214,1
DA:216,1
DA:218,1
DA:219,5
DA:221,5
LF:89
LH:84
end_of_record
SF:lib/features/home/presentation/screens/home_screen.dart
DA:7,1
DA:9,1
DA:11,2
DA:13,1
DA:14,1
DA:15,1
DA:16,1
DA:19,1
DA:20,4
DA:21,3
DA:25,1
DA:26,1
DA:27,1
DA:29,1
DA:31,1
DA:33,1
DA:35,1
DA:38,3
DA:41,1
DA:43,4
DA:49,1
DA:51,4
DA:52,1
DA:54,3
DA:60,1
DA:61,1
DA:65,1
DA:66,1
DA:68,1
DA:71,1
DA:72,2
DA:75,1
DA:76,1
DA:77,1
DA:85,1
DA:88,1
DA:89,2
DA:92,1
DA:93,1
DA:94,1
DA:102,1
DA:104,1
DA:105,3
DA:106,1
DA:108,1
DA:109,1
DA:110,1
DA:112,1
DA:114,2
DA:117,1
DA:118,1
DA:121,1
DA:122,1
DA:124,1
DA:126,2
DA:128,1
DA:129,3
DA:130,1
DA:131,1
DA:132,1
DA:133,1
DA:134,1
DA:135,1
DA:136,1
DA:137,1
DA:149,1
DA:150,2
DA:151,1
DA:158,1
DA:160,3
DA:163,1
DA:164,1
DA:165,3
DA:169,1
DA:170,0
LF:75
LH:74
end_of_record
SF:lib/features/multiplayer/data/datasources/supabase_player_datasource.dart
DA:8,1
DA:10,1
DA:16,1
DA:23,1
DA:24,1
DA:25,0
DA:26,0
DA:27,0
DA:29,0
DA:32,0
DA:35,0
DA:36,0
DA:37,0
DA:38,0
DA:39,0
DA:41,0
DA:47,0
DA:49,0
DA:50,0
DA:51,0
DA:52,0
DA:53,0
DA:54,0
DA:56,0
DA:59,1
DA:61,2
DA:64,0
DA:66,0
DA:67,0
DA:68,0
DA:69,0
DA:70,0
DA:73,0
DA:74,0
DA:77,1
DA:82,1
DA:83,1
DA:84,0
DA:86,0
DA:88,0
DA:91,1
DA:93,1
DA:94,1
DA:95,0
DA:96,0
DA:99,0
DA:101,0
DA:102,0
DA:103,0
DA:104,0
DA:105,0
DA:108,0
DA:110,0
DA:111,0
DA:112,0
DA:113,0
DA:114,0
DA:115,0
LF:58
LH:13
end_of_record
SF:lib/features/multiplayer/data/models/player_model.dart
DA:20,1
DA:22,1
DA:23,1
DA:25,1
DA:26,1
DA:27,1
DA:28,1
DA:29,1
DA:30,1
DA:31,1
DA:32,1
DA:33,2
DA:34,1
DA:38,1
DA:39,1
DA:40,1
DA:41,1
DA:42,1
DA:43,1
DA:44,1
DA:45,1
DA:46,1
DA:47,4
DA:48,0
DA:50,1
DA:54,0
DA:55,0
DA:56,0
DA:57,0
DA:58,0
DA:59,0
DA:60,0
DA:61,0
DA:62,0
DA:63,0
LF:35
LH:24
end_of_record
SF:lib/features/multiplayer/data/models/player_model.g.dart
DA:9,1
DA:10,1
DA:13,1
DA:14,1
DA:15,2
DA:16,2
DA:17,2
DA:18,1
DA:20,2
DA:22,1
DA:24,2
DA:26,1
DA:28,2
DA:30,1
DA:32,1
DA:34,1
DA:36,1
DA:51,1
DA:52,1
DA:53,1
DA:54,1
DA:55,1
DA:56,2
DA:57,2
DA:58,2
DA:59,1
DA:60,1
LF:27
LH:27
end_of_record
SF:lib/features/multiplayer/domain/entities/lobby_player.dart
DA:21,0
DA:22,0
LF:2
LH:0
end_of_record
SF:lib/features/multiplayer/domain/entities/lobby_player.g.dart
DA:9,0
DA:10,0
DA:13,0
DA:14,0
DA:15,0
DA:16,0
DA:17,0
DA:18,0
DA:20,0
DA:22,0
DA:24,0
DA:26,0
DA:28,0
DA:30,0
DA:32,0
DA:34,0
DA:36,0
DA:51,0
DA:53,0
DA:54,0
DA:55,0
DA:56,0
DA:57,0
DA:58,0
DA:59,0
DA:60,0
DA:61,0
LF:27
LH:0
end_of_record
SF:lib/features/multiplayer/data/models/room_model_extensions.dart
DA:5,3
DA:6,3
DA:7,3
DA:8,3
DA:9,3
DA:10,6
DA:11,3
DA:12,3
DA:13,3
DA:14,3
DA:18,3
DA:20,3
DA:22,2
DA:24,1
DA:26,1
LF:15
LH:15
end_of_record
SF:lib/features/multiplayer/presentation/screens/create_room_screen.dart
DA:8,1
DA:10,1
DA:11,1
DA:18,1
DA:19,3
DA:22,3
DA:24,1
DA:27,3
DA:28,1
DA:30,1
DA:33,1
DA:34,4
DA:37,1
DA:38,3
DA:39,1
DA:40,3
DA:46,1
DA:47,3
DA:52,1
DA:54,1
DA:55,1
DA:56,1
DA:57,1
DA:58,1
DA:60,1
DA:62,1
DA:63,1
DA:65,1
DA:67,1
DA:70,3
DA:73,1
DA:75,3
DA:80,1
DA:81,1
DA:83,1
DA:84,1
DA:85,1
DA:87,3
DA:90,1
DA:92,1
DA:93,1
DA:95,3
DA:96,5
DA:101,1
DA:104,1
DA:105,1
DA:107,2
DA:110,1
DA:111,1
DA:112,2
DA:113,1
DA:114,1
DA:115,1
DA:116,1
DA:118,1
DA:120,2
DA:125,1
DA:127,3
DA:128,5
DA:136,1
DA:138,3
DA:139,1
DA:140,1
DA:141,1
DA:142,1
DA:143,1
DA:153,1
DA:156,1
DA:157,2
DA:158,1
DA:159,1
DA:160,1
DA:163,1
LF:73
LH:73
end_of_record
SF:lib/features/multiplayer/presentation/screens/join_room_screen.dart
DA:9,1
DA:11,1
DA:13,2
DA:15,1
DA:16,1
DA:20,1
DA:21,1
DA:22,1
DA:23,1
DA:24,1
DA:25,1
DA:27,1
DA:28,1
DA:31,1
DA:33,3
DA:36,1
DA:38,3
DA:41,1
DA:43,4
DA:44,1
DA:46,3
DA:50,1
DA:51,2
DA:60,1
DA:61,1
DA:62,2
DA:64,1
DA:66,1
DA:67,1
DA:68,1
DA:69,1
DA:74,1
DA:75,2
DA:76,1
DA:78,1
DA:81,1
DA:83,3
DA:86,1
DA:87,1
DA:88,3
DA:92,1
DA:93,0
DA:108,1
DA:110,1
DA:111,1
DA:117,1
DA:118,3
DA:121,3
DA:123,1
DA:126,3
DA:127,1
DA:128,3
DA:132,1
DA:133,4
DA:136,1
DA:137,3
DA:138,1
DA:139,3
DA:145,1
DA:146,3
DA:151,1
DA:154,8
DA:156,1
DA:158,1
DA:160,1
DA:161,3
DA:162,1
DA:164,3
DA:167,6
DA:168,1
DA:170,1
DA:172,1
DA:173,1
DA:174,1
DA:177,1
DA:179,3
DA:182,1
DA:183,8
DA:184,3
DA:189,1
DA:190,1
DA:191,1
DA:194,1
DA:196,3
DA:199,1
DA:200,5
DA:201,3
DA:207,1
DA:208,3
DA:209,1
DA:218,2
DA:224,1
DA:227,1
DA:228,1
DA:230,2
DA:232,2
DA:233,2
DA:234,2
DA:235,2
DA:237,2
LF:100
LH:99
end_of_record
SF:lib/features/multiplayer/presentation/screens/room_lobby_screen.dart
DA:11,1
DA:13,1
DA:15,3
DA:16,2
DA:18,1
DA:19,1
DA:22,1
DA:24,1
DA:27,2
DA:28,1
DA:29,1
DA:33,1
DA:34,1
DA:39,1
DA:40,1
DA:41,2
DA:43,6
DA:45,1
DA:46,1
DA:48,1
DA:49,1
DA:51,1
DA:52,1
DA:54,1
DA:55,1
DA:56,1
DA:58,1
DA:59,1
DA:61,3
DA:64,1
DA:65,3
DA:66,3
DA:71,1
DA:76,1
DA:77,1
DA:78,1
DA:80,1
DA:81,1
DA:83,1
DA:84,2
DA:85,1
DA:86,2
DA:98,1
DA:99,1
DA:100,1
DA:102,1
DA:104,1
DA:105,1
DA:107,1
DA:108,1
DA:110,3
DA:112,1
DA:113,4
DA:114,3
DA:115,1
DA:116,1
DA:118,2
DA:124,1
DA:125,1
DA:126,1
DA:127,1
DA:128,3
DA:129,2
DA:131,1
DA:132,2
DA:134,1
DA:135,1
DA:137,1
DA:139,2
DA:140,1
DA:141,1
DA:142,1
DA:143,1
DA:146,1
DA:148,2
DA:149,1
DA:151,2
DA:154,1
DA:157,2
DA:158,1
DA:164,1
DA:166,1
DA:168,2
DA:172,1
DA:173,1
DA:174,1
DA:176,2
DA:177,1
DA:179,1
DA:180,1
DA:181,1
DA:182,1
DA:185,1
DA:187,1
DA:188,1
DA:189,1
DA:190,1
DA:191,1
DA:207,3
DA:208,1
DA:211,1
DA:213,2
DA:216,1
DA:221,1
DA:222,1
DA:223,1
DA:228,3
DA:231,1
DA:233,3
DA:241,1
DA:242,2
DA:243,1
DA:245,1
DA:248,3
DA:250,1
DA:251,2
DA:261,1
DA:263,1
DA:265,1
DA:267,1
DA:269,1
DA:274,1
DA:276,1
DA:278,1
DA:280,1
DA:282,1
DA:287,1
DA:295,3
DA:297,0
DA:298,0
DA:299,0
DA:300,0
LF:132
LH:128
end_of_record
